<?xml version="1.0" encoding="UTF-8"?>
<!-- Generated by org.testng.reporters.JUnitXMLReporter -->
<testsuite ignored="0" hostname="Test-Device" failures="1" tests="9" name="Free CRM" time="84.518" errors="0" timestamp="2022-10-11T07:50:52 IST">
  <testcase classname="testFreeCRM.HomePageTest" name="titleTest" time="0.028"/>
  <testcase classname="testFreeCRM.HomePageTest" name="logoTest" time="1.171"/>
  <testcase classname="testFreeCRM.HomePageTest" name="companyNameTest" time="1.071"/>
  <testcase classname="testFreeCRM.HomePageTest" name="homeMoveTest" time="1.324"/>
  <testcase classname="testFreeCRM.LoginPageTest" name="loginTitleTest" time="0.019"/>
  <testcase classname="testFreeCRM.LoginPageTest" name="allLinkTest" time="3.826"/>
  <testcase classname="testFreeCRM.LoginPageTest" name="loginFunTest" time="3.863"/>
  <testcase classname="testFreeCRM.CalenderTest" name="clickOnDate" time="2.258">
    <failure type="java.lang.AssertionError" message="expected [This Test failed] but found [null]">
      <![CDATA[java.lang.AssertionError: expected [This Test failed] but found [null]
at testFreeCRM.CalenderTest.clickOnDate(CalenderTest.java:63)
at java.base/java.util.ArrayList.forEach(ArrayList.java:1511)
... Removed 32 stack frames]]>
    </failure>
  </testcase> <!-- clickOnDate -->
  <testcase classname="testFreeCRM.CalenderTest" name="getCalenderPageTitle" time="0.042"/>
</testsuite> <!-- Free CRM -->
