<?xml version="1.0" encoding="UTF-8"?>
<testng-results ignored="0" total="9" passed="8" failed="1" skipped="0">
  <reporter-output>
  </reporter-output>
  <suite started-at="2022-10-11T07:49:27 IST" name="Test Automation Free CRM" finished-at="2022-10-11T07:50:52 IST" duration-ms="84518">
    <groups>
    </groups>
    <test started-at="2022-10-11T07:49:27 IST" name="Free CRM" finished-at="2022-10-11T07:50:52 IST" duration-ms="84518">
      <class name="testFreeCRM.CalenderTest">
        <test-method is-config="true" signature="setup()[pri:0, instance:testFreeCRM.CalenderTest@131774fe]" started-at="2022-10-11T07:50:34 IST" name="setup" finished-at="2022-10-11T07:50:41 IST" duration-ms="7082" status="PASS">
          <reporter-output>
          </reporter-output>
        </test-method> <!-- setup -->
        <test-method signature="clickOnDate()[pri:0, instance:testFreeCRM.CalenderTest@131774fe]" started-at="2022-10-11T07:50:41 IST" name="clickOnDate" finished-at="2022-10-11T07:50:43 IST" duration-ms="2258" status="FAIL">
          <exception class="java.lang.AssertionError">
            <message>
              <![CDATA[expected [This Test failed] but found [null]]]>
            </message>
            <full-stacktrace>
              <![CDATA[java.lang.AssertionError: expected [This Test failed] but found [null]
at org.testng.Assert.fail(Assert.java:99)
at org.testng.Assert.failNotEquals(Assert.java:1037)
at org.testng.Assert.assertEqualsImpl(Assert.java:140)
at org.testng.Assert.assertEquals(Assert.java:122)
at org.testng.Assert.assertEquals(Assert.java:617)
at testFreeCRM.CalenderTest.clickOnDate(CalenderTest.java:63)
at java.base/jdk.internal.reflect.NativeMethodAccessorImpl.invoke0(Native Method)
at java.base/jdk.internal.reflect.NativeMethodAccessorImpl.invoke(NativeMethodAccessorImpl.java:77)
at java.base/jdk.internal.reflect.DelegatingMethodAccessorImpl.invoke(DelegatingMethodAccessorImpl.java:43)
at java.base/java.lang.reflect.Method.invoke(Method.java:568)
at org.testng.internal.MethodInvocationHelper.invokeMethod(MethodInvocationHelper.java:133)
at org.testng.internal.TestInvoker.invokeMethod(TestInvoker.java:598)
at org.testng.internal.TestInvoker.invokeTestMethod(TestInvoker.java:173)
at org.testng.internal.MethodRunner.runInSequence(MethodRunner.java:46)
at org.testng.internal.TestInvoker$MethodInvocationAgent.invoke(TestInvoker.java:824)
at org.testng.internal.TestInvoker.invokeTestMethods(TestInvoker.java:146)
at org.testng.internal.TestMethodWorker.invokeTestMethods(TestMethodWorker.java:146)
at org.testng.internal.TestMethodWorker.run(TestMethodWorker.java:128)
at java.base/java.util.ArrayList.forEach(ArrayList.java:1511)
at org.testng.TestRunner.privateRun(TestRunner.java:794)
at org.testng.TestRunner.run(TestRunner.java:596)
at org.testng.SuiteRunner.runTest(SuiteRunner.java:377)
at org.testng.SuiteRunner.runSequentially(SuiteRunner.java:371)
at org.testng.SuiteRunner.privateRun(SuiteRunner.java:332)
at org.testng.SuiteRunner.run(SuiteRunner.java:276)
at org.testng.SuiteRunnerWorker.runSuite(SuiteRunnerWorker.java:53)
at org.testng.SuiteRunnerWorker.run(SuiteRunnerWorker.java:96)
at org.testng.TestNG.runSuitesSequentially(TestNG.java:1212)
at org.testng.TestNG.runSuitesLocally(TestNG.java:1134)
at org.testng.TestNG.runSuites(TestNG.java:1063)
at org.testng.TestNG.run(TestNG.java:1031)
at org.testng.remote.AbstractRemoteTestNG.run(AbstractRemoteTestNG.java:115)
at org.testng.remote.RemoteTestNG.initAndRun(RemoteTestNG.java:251)
at org.testng.remote.RemoteTestNG.main(RemoteTestNG.java:77)
]]>
            </full-stacktrace>
          </exception> <!-- java.lang.AssertionError -->
          <reporter-output>
          </reporter-output>
        </test-method> <!-- clickOnDate -->
        <test-method is-config="true" signature="closeBrowser()[pri:0, instance:testFreeCRM.CalenderTest@131774fe]" started-at="2022-10-11T07:50:43 IST" name="closeBrowser" finished-at="2022-10-11T07:50:44 IST" duration-ms="243" status="PASS">
          <reporter-output>
          </reporter-output>
        </test-method> <!-- closeBrowser -->
        <test-method is-config="true" signature="setup()[pri:0, instance:testFreeCRM.CalenderTest@131774fe]" started-at="2022-10-11T07:50:44 IST" name="setup" finished-at="2022-10-11T07:50:51 IST" duration-ms="7513" status="PASS">
          <reporter-output>
          </reporter-output>
        </test-method> <!-- setup -->
        <test-method signature="getCalenderPageTitle()[pri:0, instance:testFreeCRM.CalenderTest@131774fe]" started-at="2022-10-11T07:50:51 IST" name="getCalenderPageTitle" finished-at="2022-10-11T07:50:51 IST" duration-ms="42" status="PASS">
          <reporter-output>
          </reporter-output>
        </test-method> <!-- getCalenderPageTitle -->
        <test-method is-config="true" signature="closeBrowser()[pri:0, instance:testFreeCRM.CalenderTest@131774fe]" started-at="2022-10-11T07:50:51 IST" name="closeBrowser" finished-at="2022-10-11T07:50:52 IST" duration-ms="287" status="PASS">
          <reporter-output>
          </reporter-output>
        </test-method> <!-- closeBrowser -->
      </class> <!-- testFreeCRM.CalenderTest -->
      <class name="testFreeCRM.LoginPageTest">
        <test-method is-config="true" signature="setup()[pri:0, instance:testFreeCRM.LoginPageTest@74fe5c40]" started-at="2022-10-11T07:50:11 IST" name="setup" finished-at="2022-10-11T07:50:13 IST" duration-ms="2136" status="PASS">
          <reporter-output>
          </reporter-output>
        </test-method> <!-- setup -->
        <test-method signature="loginTitleTest()[pri:1, instance:testFreeCRM.LoginPageTest@74fe5c40]" started-at="2022-10-11T07:50:13 IST" name="loginTitleTest" finished-at="2022-10-11T07:50:13 IST" duration-ms="19" status="PASS">
          <reporter-output>
          </reporter-output>
        </test-method> <!-- loginTitleTest -->
        <test-method is-config="true" signature="broswrclose()[pri:0, instance:testFreeCRM.LoginPageTest@74fe5c40]" started-at="2022-10-11T07:50:13 IST" name="broswrclose" finished-at="2022-10-11T07:50:16 IST" duration-ms="3321" status="PASS">
          <reporter-output>
          </reporter-output>
        </test-method> <!-- broswrclose -->
        <test-method is-config="true" signature="setup()[pri:0, instance:testFreeCRM.LoginPageTest@74fe5c40]" started-at="2022-10-11T07:50:16 IST" name="setup" finished-at="2022-10-11T07:50:18 IST" duration-ms="1877" status="PASS">
          <reporter-output>
          </reporter-output>
        </test-method> <!-- setup -->
        <test-method signature="allLinkTest()[pri:3, instance:testFreeCRM.LoginPageTest@74fe5c40]" started-at="2022-10-11T07:50:18 IST" name="allLinkTest" finished-at="2022-10-11T07:50:22 IST" duration-ms="3826" status="PASS">
          <reporter-output>
          </reporter-output>
        </test-method> <!-- allLinkTest -->
        <test-method is-config="true" signature="broswrclose()[pri:0, instance:testFreeCRM.LoginPageTest@74fe5c40]" started-at="2022-10-11T07:50:22 IST" name="broswrclose" finished-at="2022-10-11T07:50:25 IST" duration-ms="3340" status="PASS">
          <reporter-output>
          </reporter-output>
        </test-method> <!-- broswrclose -->
        <test-method is-config="true" signature="setup()[pri:0, instance:testFreeCRM.LoginPageTest@74fe5c40]" started-at="2022-10-11T07:50:25 IST" name="setup" finished-at="2022-10-11T07:50:27 IST" duration-ms="1848" status="PASS">
          <reporter-output>
          </reporter-output>
        </test-method> <!-- setup -->
        <test-method signature="loginFunTest()[pri:3, instance:testFreeCRM.LoginPageTest@74fe5c40]" started-at="2022-10-11T07:50:27 IST" name="loginFunTest" finished-at="2022-10-11T07:50:31 IST" duration-ms="3863" status="PASS">
          <reporter-output>
          </reporter-output>
        </test-method> <!-- loginFunTest -->
        <test-method is-config="true" signature="broswrclose()[pri:0, instance:testFreeCRM.LoginPageTest@74fe5c40]" started-at="2022-10-11T07:50:31 IST" name="broswrclose" finished-at="2022-10-11T07:50:34 IST" duration-ms="3274" status="PASS">
          <reporter-output>
          </reporter-output>
        </test-method> <!-- broswrclose -->
      </class> <!-- testFreeCRM.LoginPageTest -->
      <class name="testFreeCRM.HomePageTest">
        <test-method is-config="true" signature="setup()[pri:0, instance:testFreeCRM.HomePageTest@5af3afd9]" started-at="2022-10-11T07:49:27 IST" name="setup" finished-at="2022-10-11T07:49:37 IST" duration-ms="10026" status="PASS">
          <reporter-output>
          </reporter-output>
        </test-method> <!-- setup -->
        <test-method signature="titleTest()[pri:1, instance:testFreeCRM.HomePageTest@5af3afd9]" started-at="2022-10-11T07:49:37 IST" name="titleTest" finished-at="2022-10-11T07:49:37 IST" duration-ms="28" status="PASS">
          <reporter-output>
          </reporter-output>
        </test-method> <!-- titleTest -->
        <test-method is-config="true" signature="browserclosed()[pri:0, instance:testFreeCRM.HomePageTest@5af3afd9]" started-at="2022-10-11T07:49:37 IST" name="browserclosed" finished-at="2022-10-11T07:49:41 IST" duration-ms="3393" status="PASS">
          <reporter-output>
          </reporter-output>
        </test-method> <!-- browserclosed -->
        <test-method is-config="true" signature="setup()[pri:0, instance:testFreeCRM.HomePageTest@5af3afd9]" started-at="2022-10-11T07:49:41 IST" name="setup" finished-at="2022-10-11T07:49:46 IST" duration-ms="5360" status="PASS">
          <reporter-output>
          </reporter-output>
        </test-method> <!-- setup -->
        <test-method signature="logoTest()[pri:2, instance:testFreeCRM.HomePageTest@5af3afd9]" started-at="2022-10-11T07:49:46 IST" name="logoTest" finished-at="2022-10-11T07:49:47 IST" duration-ms="1171" status="PASS">
          <reporter-output>
          </reporter-output>
        </test-method> <!-- logoTest -->
        <test-method is-config="true" signature="browserclosed()[pri:0, instance:testFreeCRM.HomePageTest@5af3afd9]" started-at="2022-10-11T07:49:47 IST" name="browserclosed" finished-at="2022-10-11T07:49:50 IST" duration-ms="3288" status="PASS">
          <reporter-output>
          </reporter-output>
        </test-method> <!-- browserclosed -->
        <test-method is-config="true" signature="setup()[pri:0, instance:testFreeCRM.HomePageTest@5af3afd9]" started-at="2022-10-11T07:49:50 IST" name="setup" finished-at="2022-10-11T07:49:56 IST" duration-ms="5737" status="PASS">
          <reporter-output>
          </reporter-output>
        </test-method> <!-- setup -->
        <test-method signature="companyNameTest()[pri:3, instance:testFreeCRM.HomePageTest@5af3afd9]" started-at="2022-10-11T07:49:56 IST" name="companyNameTest" finished-at="2022-10-11T07:49:57 IST" duration-ms="1071" status="PASS">
          <reporter-output>
          </reporter-output>
        </test-method> <!-- companyNameTest -->
        <test-method is-config="true" signature="browserclosed()[pri:0, instance:testFreeCRM.HomePageTest@5af3afd9]" started-at="2022-10-11T07:49:57 IST" name="browserclosed" finished-at="2022-10-11T07:50:00 IST" duration-ms="3282" status="PASS">
          <reporter-output>
          </reporter-output>
        </test-method> <!-- browserclosed -->
        <test-method is-config="true" signature="setup()[pri:0, instance:testFreeCRM.HomePageTest@5af3afd9]" started-at="2022-10-11T07:50:00 IST" name="setup" finished-at="2022-10-11T07:50:06 IST" duration-ms="5499" status="PASS">
          <reporter-output>
          </reporter-output>
        </test-method> <!-- setup -->
        <test-method signature="homeMoveTest()[pri:4, instance:testFreeCRM.HomePageTest@5af3afd9]" started-at="2022-10-11T07:50:06 IST" name="homeMoveTest" finished-at="2022-10-11T07:50:07 IST" duration-ms="1324" status="PASS">
          <reporter-output>
          </reporter-output>
        </test-method> <!-- homeMoveTest -->
        <test-method is-config="true" signature="browserclosed()[pri:0, instance:testFreeCRM.HomePageTest@5af3afd9]" started-at="2022-10-11T07:50:07 IST" name="browserclosed" finished-at="2022-10-11T07:50:11 IST" duration-ms="3296" status="PASS">
          <reporter-output>
          </reporter-output>
        </test-method> <!-- browserclosed -->
      </class> <!-- testFreeCRM.HomePageTest -->
    </test> <!-- Free CRM -->
  </suite> <!-- Test Automation Free CRM -->
</testng-results>
